[2025-12-25 01:32:21] [INFO] Starting system monitor (Interval: 5s, Continuous: false)
[2025-12-25 01:32:21] [INFO] Starting comprehensive metrics collection...
[2025-12-25 01:32:21] [INFO] Collecting CPU metrics...
[2025-12-25 01:32:21] [INFO] Collecting GPU metrics...
[2025-12-25 01:32:21] [INFO] Collecting disk metrics...
[2025-12-25 01:32:21] [INFO] Collecting memory metrics...
[2025-12-25 01:32:21] [INFO] Collecting network metrics...
[2025-12-25 01:32:22] [INFO] Collecting system load metrics...
[2025-12-25 01:32:22] [INFO] Metrics saved to /Users/seifahmed/Downloads/dockerfiles/app/reports/metrics.json
[2025-12-25 01:32:22] [WARNING] jq not available, skipping alert checks
[2025-12-25 01:32:22] [INFO] Metrics collection completed
[2025-12-25 01:32:27] [INFO] Starting system monitor (Interval: 5s, Continuous: false)
[2025-12-25 01:32:27] [INFO] Starting comprehensive metrics collection...
[2025-12-25 01:32:27] [INFO] Collecting CPU metrics...
[2025-12-25 01:32:27] [INFO] Collecting GPU metrics...
[2025-12-25 01:32:27] [INFO] Collecting disk metrics...
[2025-12-25 01:32:28] [INFO] Collecting memory metrics...
[2025-12-25 01:32:28] [INFO] Collecting network metrics...
[2025-12-25 01:32:28] [INFO] Collecting system load metrics...
[2025-12-25 01:32:28] [INFO] Metrics saved to /Users/seifahmed/Downloads/dockerfiles/app/reports/metrics.json
[2025-12-25 01:32:28] [WARNING] jq not available, skipping alert checks
[2025-12-25 01:32:28] [INFO] Metrics collection completed
[2025-12-25 01:37:39] [INFO] Starting system monitor (Interval: 5s, Continuous: false)
[2025-12-25 01:37:39] [INFO] Starting comprehensive metrics collection...
[2025-12-25 01:37:39] [INFO] Collecting CPU metrics...
[2025-12-25 01:37:40] [INFO] Collecting GPU metrics...
[2025-12-25 01:37:40] [INFO] Collecting disk metrics...
[2025-12-25 01:37:40] [INFO] Collecting memory metrics...
[2025-12-25 01:37:40] [INFO] Collecting network metrics...
[2025-12-25 01:37:41] [INFO] Collecting system load metrics...
[2025-12-25 01:37:41] [INFO] Metrics saved to /Users/seifahmed/Downloads/dockerfiles/app/reports/metrics.json
[2025-12-25 01:37:41] [WARNING] jq not available, skipping alert checks
[2025-12-25 01:37:41] [INFO] Metrics collection completed
[2025-12-25 01:37:49] [INFO] Starting system monitor (Interval: 5s, Continuous: false)
[2025-12-25 01:37:49] [INFO] Starting comprehensive metrics collection...
[2025-12-25 01:37:49] [INFO] Collecting CPU metrics...
[2025-12-25 01:37:50] [INFO] Collecting GPU metrics...
[2025-12-25 01:37:50] [INFO] Collecting disk metrics...
[2025-12-25 01:37:50] [INFO] Collecting memory metrics...
[2025-12-25 01:37:50] [INFO] Collecting network metrics...
[2025-12-25 01:37:51] [INFO] Collecting system load metrics...
[2025-12-25 01:37:51] [INFO] Metrics saved to /Users/seifahmed/Downloads/dockerfiles/app/reports/metrics.json
[2025-12-25 01:37:51] [WARNING] jq not available, skipping alert checks
[2025-12-25 01:37:51] [INFO] Metrics collection completed
[2025-12-25 14:54:05] [INFO] Starting system monitor (Interval: 5s, Continuous: false)
[2025-12-25 14:54:05] [INFO] Starting comprehensive metrics collection...
[2025-12-25 14:54:05] [INFO] Collecting CPU metrics...
[2025-12-25 14:54:06] [INFO] Collecting GPU metrics...
[2025-12-25 14:54:07] [INFO] Collecting disk metrics...
[2025-12-25 14:54:07] [INFO] Collecting memory metrics...
[2025-12-25 14:54:07] [INFO] Collecting network metrics...
[2025-12-25 14:54:08] [INFO] Collecting system load metrics...
[2025-12-25 14:54:08] [INFO] Metrics saved to /Users/seifahmed/Downloads/os project/app/reports/metrics.json
[2025-12-25 14:54:08] [WARNING] jq not available, skipping alert checks
[2025-12-25 14:54:08] [INFO] Metrics collection completed
[2025-12-25 14:55:32] [INFO] Starting system monitor (Interval: 5s, Continuous: false)
[2025-12-25 14:55:32] [INFO] Starting comprehensive metrics collection...
[2025-12-25 14:55:32] [INFO] Collecting CPU metrics...
[2025-12-25 14:55:33] [INFO] Collecting GPU metrics...
[2025-12-25 14:55:33] [INFO] Collecting disk metrics...
[2025-12-25 14:55:34] [INFO] Collecting memory metrics...
[2025-12-25 14:55:34] [INFO] Collecting network metrics...
[2025-12-25 14:55:35] [INFO] Collecting system load metrics...
[2025-12-25 14:55:35] [INFO] Metrics saved to /Users/seifahmed/Downloads/os project/app/reports/metrics.json
[2025-12-25 14:55:35] [WARNING] jq not available, skipping alert checks
[2025-12-25 14:55:35] [INFO] Metrics collection completed
